e:\gw\common\include\db\release\vc143.pdb
e:\gw\common\include\db\release\recordset.obj
e:\gw\common\include\db\release\record.obj
e:\gw\common\include\db\release\field.obj
e:\gw\common\include\db\release\database.obj
e:\gw\common\dll\release\db.dll
e:\gw\common\dll\release\db.map
e:\gw\common\include\db\release\db.pdb
e:\gw\common\lib\release\db.lib
e:\gw\common\lib\release\db.exp
e:\gw\common\include\db\release\db.ipdb
e:\gw\common\include\db\release\db.iobj
e:\gw\common\include\db\release\db.tlog\cl.command.1.tlog
e:\gw\common\include\db\release\db.tlog\cl.items.tlog
e:\gw\common\include\db\release\db.tlog\cl.read.1.tlog
e:\gw\common\include\db\release\db.tlog\cl.write.1.tlog
e:\gw\common\include\db\release\db.tlog\link.command.1.tlog
e:\gw\common\include\db\release\db.tlog\link.read.1.tlog
e:\gw\common\include\db\release\db.tlog\link.secondary.1.tlog
e:\gw\common\include\db\release\db.tlog\link.write.1.tlog
