e:\gw\gameserver\release\gameserver.pch
e:\gw\gameserver\release\vc143.pdb
e:\gw\gameserver\release\stdafx.obj
e:\gw\gameserver\release\item.obj
e:\gw\gameserver\release\gameobject.obj
e:\gw\gameserver\release\gmmgr.obj
e:\gw\gameserver\release\gmcrl.obj
e:\gw\gameserver\release\error.obj
e:\gw\gameserver\release\equipforge.obj
e:\gw\gameserver\release\dropitemmgr.obj
e:\gw\gameserver\release\country.obj
e:\gw\gameserver\release\combat.obj
e:\gw\gameserver\release\changeregion.obj
e:\gw\gameserver\release\buff.obj
e:\gw\gameserver\release\basemanager.obj
e:\gw\gameserver\release\bag.obj
e:\gw\gameserver\release\backup.obj
e:\gw\gameserver\release\altar.obj
e:\gw\gameserver\release\gsmaster.obj
e:\gw\gameserver\release\dial.obj
e:\gw\gameserver\release\datacore.obj
e:\gw\gameserver\release\command.obj
e:\gw\gameserver\release\chatcommand.obj
e:\gw\gameserver\release\region.obj
e:\gw\gameserver\release\questmanager.obj
e:\gw\gameserver\release\questdef.obj
e:\gw\gameserver\release\playerteam.obj
e:\gw\gameserver\release\playerskill.obj
e:\gw\gameserver\release\playerquest.obj
e:\gw\gameserver\release\playeritem.obj
e:\gw\gameserver\release\playerattack.obj
e:\gw\gameserver\release\player.obj
e:\gw\gameserver\release\obstacle.obj
e:\gw\gameserver\release\objmgr.obj
e:\gw\gameserver\release\obj.obj
e:\gw\gameserver\release\npc.obj
e:\gw\gameserver\release\monster.obj
e:\gw\gameserver\release\mat.obj
e:\gw\gameserver\release\map.obj
e:\gw\gameserver\release\mall.obj
e:\gw\gameserver\release\keywords.obj
e:\gw\gameserver\release\itemmanager.obj
e:\gw\gameserver\release\itembackup.obj
e:\gw\gameserver\release\world.obj
e:\gw\gameserver\release\serviceloader.obj
e:\gw\gameserver\release\listenconnect.obj
e:\gw\gameserver\release\gameserver.obj
e:\gw\gameserver\release\gamescript.obj
e:\gw\gameserver\release\gamelogic.obj
e:\gw\gameserver\release\walk.obj
e:\gw\gameserver\release\trade.obj
e:\gw\gameserver\release\storage.obj
e:\gw\gameserver\release\stall.obj
e:\gw\gameserver\release\skillmanager.obj
e:\gw\gameserver\release\rolerelation.obj
e:\gw\gameserver\release\repregion.obj
e:\gw\gameserver\release\regionsize.obj
e:\gw\gameserver\release\regionini.obj
e:\gw\run\gameserver\gameserver.exe
e:\gw\gameserver\release\gameserver.pdb
e:\gw\gameserver\release\gameserver.ipdb
e:\gw\gameserver\release\gameserver.iobj
e:\gw\gameserver\release\gameserver.tlog\cl.command.1.tlog
e:\gw\gameserver\release\gameserver.tlog\cl.items.tlog
e:\gw\gameserver\release\gameserver.tlog\cl.read.1.tlog
e:\gw\gameserver\release\gameserver.tlog\cl.write.1.tlog
e:\gw\gameserver\release\gameserver.tlog\link.command.1.tlog
e:\gw\gameserver\release\gameserver.tlog\link.read.1.tlog
e:\gw\gameserver\release\gameserver.tlog\link.secondary.1.tlog
e:\gw\gameserver\release\gameserver.tlog\link.write.1.tlog
