  stdafx.cpp
E:\GW\Common\Include\cNet\stdafx.h(25,9): warning C4005: 'DEFAULT_BUFFER_SIZE': redefinición de macro
  (compilando archivo de origen "stdafx.cpp")
      E:\GW\Common\Include\sNet\stdafx.h(30,10):
      vea la definición anterior de “DEFAULT_BUFFER_SIZE”
  
E:\GW\Common\Include\cNet\stdafx.h(26,9): warning C4005: 'DEFAULT_OVERLAPPED_COUNT': redefinición de macro
  (compilando archivo de origen "stdafx.cpp")
      E:\GW\Common\Include\sNet\stdafx.h(29,10):
      vea la definición anterior de “DEFAULT_OVERLAPPED_COUNT”
  
  ChatCommand.cpp
E:\GW\Common\Include\Base\xml\tinyxml.h(43,10): warning C4005: 'ASSERT': redefinición de macro
  (compilando archivo de origen "/ChatCommand.cpp")
      E:\GW\Common\Include\Base\Inc\SvrBase.h(73,10):
      vea la definición anterior de “ASSERT”
  
E:\GW\GameServer\GameCore\RoleRelation.h(529,31): warning C4018: '>=': no coinciden signed/unsigned
  (compilando archivo de origen "/ChatCommand.cpp")
  
  Command.cpp
E:\GW\Common\Include\Base\xml\tinyxml.h(43,10): warning C4005: 'ASSERT': redefinición de macro
  (compilando archivo de origen "/Command.cpp")
      E:\GW\Common\Include\Base\Inc\SvrBase.h(73,10):
      vea la definición anterior de “ASSERT”
  
E:\GW\GameServer\GameCore\RoleRelation.h(529,31): warning C4018: '>=': no coinciden signed/unsigned
  (compilando archivo de origen "/Command.cpp")
  
  DataCore.cpp
E:\GW\Common\Include\Base\xml\tinyxml.h(43,10): warning C4005: 'ASSERT': redefinición de macro
  (compilando archivo de origen "/DataCore.cpp")
      E:\GW\Common\Include\Base\Inc\SvrBase.h(73,10):
      vea la definición anterior de “ASSERT”
  
E:\GW\GameServer\GameCore\RoleRelation.h(529,31): warning C4018: '>=': no coinciden signed/unsigned
  (compilando archivo de origen "/DataCore.cpp")
  
  Dial.cpp
E:\GW\Common\Include\Base\xml\tinyxml.h(43,10): warning C4005: 'ASSERT': redefinición de macro
  (compilando archivo de origen "/Dial.cpp")
      E:\GW\Common\Include\Base\Inc\SvrBase.h(73,10):
      vea la definición anterior de “ASSERT”
  
E:\GW\GameServer\GameCore\RoleRelation.h(529,31): warning C4018: '>=': no coinciden signed/unsigned
  (compilando archivo de origen "/Dial.cpp")
  
E:\GW\GameServer\Dial.cpp(24,7): warning C4101: 'SumRand': variable local sin referencia
  (compilando archivo de origen "/Dial.cpp")
  
  GSMaster.cpp
E:\GW\GameServer\GameCore\QuestDef.h(387,16): warning C4244: 'inicializando': conversión de 'float' a 'int'; posible pérdida de datos
  (compilando archivo de origen "/GSMaster.cpp")
  
E:\GW\Common\Include\Base\xml\tinyxml.h(43,10): warning C4005: 'ASSERT': redefinición de macro
  (compilando archivo de origen "/GSMaster.cpp")
      E:\GW\Common\Include\Base\Inc\SvrBase.h(73,10):
      vea la definición anterior de “ASSERT”
  
E:\GW\GameServer\GameCore\RoleRelation.h(529,31): warning C4018: '>=': no coinciden signed/unsigned
  (compilando archivo de origen "/GSMaster.cpp")
  
  Altar.cpp
E:\GW\Common\Include\Base\xml\tinyxml.h(43,10): warning C4005: 'ASSERT': redefinición de macro
  (compilando archivo de origen "/GameCore/Altar.cpp")
      E:\GW\Common\Include\Base\Inc\SvrBase.h(73,10):
      vea la definición anterior de “ASSERT”
  
E:\GW\GameServer\GameCore\RoleRelation.h(529,31): warning C4018: '>=': no coinciden signed/unsigned
  (compilando archivo de origen "/GameCore/Altar.cpp")
  
E:\GW\GameServer\GameCore\Altar.cpp(28,11): warning C4018: '>=': no coinciden signed/unsigned
  (compilando archivo de origen "/GameCore/Altar.cpp")
  
E:\GW\GameServer\GameCore\Altar.cpp(51,92): warning C4018: '<': no coinciden signed/unsigned
  (compilando archivo de origen "/GameCore/Altar.cpp")
  
  Backup.cpp
  Bag.cpp
  BaseManager.cpp
  Buff.cpp
  ChangeRegion.cpp
E:\GW\Common\Include\Base\xml\tinyxml.h(43,10): warning C4005: 'ASSERT': redefinición de macro
  (compilando archivo de origen "/GameCore/ChangeRegion.cpp")
      E:\GW\Common\Include\Base\Inc\SvrBase.h(73,10):
      vea la definición anterior de “ASSERT”
  
E:\GW\GameServer\GameCore\RoleRelation.h(529,31): warning C4018: '>=': no coinciden signed/unsigned
  (compilando archivo de origen "/GameCore/ChangeRegion.cpp")
  
  Combat.cpp
E:\GW\Common\Include\Base\xml\tinyxml.h(43,10): warning C4005: 'ASSERT': redefinición de macro
  (compilando archivo de origen "/GameCore/Combat.cpp")
      E:\GW\Common\Include\Base\Inc\SvrBase.h(73,10):
      vea la definición anterior de “ASSERT”
  
E:\GW\GameServer\GameCore\RoleRelation.h(529,31): warning C4018: '>=': no coinciden signed/unsigned
  (compilando archivo de origen "/GameCore/Combat.cpp")
  
  Country.cpp
  DropItemMgr.cpp
  EquipForge.cpp
E:\GW\Common\Include\Base\xml\tinyxml.h(43,10): warning C4005: 'ASSERT': redefinición de macro
  (compilando archivo de origen "/GameCore/EquipForge.cpp")
      E:\GW\Common\Include\Base\Inc\SvrBase.h(73,10):
      vea la definición anterior de “ASSERT”
  
E:\GW\GameServer\GameCore\RoleRelation.h(529,31): warning C4018: '>=': no coinciden signed/unsigned
  (compilando archivo de origen "/GameCore/EquipForge.cpp")
  
E:\GW\GameServer\GameCore\EquipForge.cpp(333,19): warning C4477: 'sprintf' : la cadena de formato '%d' requiere un argumento de tipo 'int', pero el argumento variádico 1 tiene el tipo 'std::vector<int,std::allocator<int>>'
  (compilando archivo de origen "/GameCore/EquipForge.cpp")
  
E:\GW\GameServer\GameCore\EquipForge.cpp(833,21): warning C4804: '>': uso no seguro del tipo 'bool' en la operación
  (compilando archivo de origen "/GameCore/EquipForge.cpp")
  
  Error.cpp
E:\GW\Common\Include\Base\xml\tinyxml.h(43,10): warning C4005: 'ASSERT': redefinición de macro
  (compilando archivo de origen "/GameCore/Error.cpp")
      E:\GW\Common\Include\Base\Inc\SvrBase.h(73,10):
      vea la definición anterior de “ASSERT”
  
E:\GW\GameServer\GameCore\RoleRelation.h(529,31): warning C4018: '>=': no coinciden signed/unsigned
  (compilando archivo de origen "/GameCore/Error.cpp")
  
  GMCrl.cpp
  GMMgr.cpp
E:\GW\Common\Include\Base\xml\tinyxml.h(43,10): warning C4005: 'ASSERT': redefinición de macro
  (compilando archivo de origen "/GameCore/GMMgr.cpp")
      E:\GW\Common\Include\Base\Inc\SvrBase.h(73,10):
      vea la definición anterior de “ASSERT”
  
E:\GW\GameServer\GameCore\RoleRelation.h(529,31): warning C4018: '>=': no coinciden signed/unsigned
  (compilando archivo de origen "/GameCore/GMMgr.cpp")
  
  GameObject.cpp
E:\GW\Common\Include\Base\xml\tinyxml.h(43,10): warning C4005: 'ASSERT': redefinición de macro
  (compilando archivo de origen "/GameCore/GameObject.cpp")
      E:\GW\Common\Include\Base\Inc\SvrBase.h(73,10):
      vea la definición anterior de “ASSERT”
  
E:\GW\GameServer\GameCore\RoleRelation.h(529,31): warning C4018: '>=': no coinciden signed/unsigned
  (compilando archivo de origen "/GameCore/GameObject.cpp")
  
  Item.cpp
E:\GW\Common\Include\Base\xml\tinyxml.h(43,10): warning C4005: 'ASSERT': redefinición de macro
  (compilando archivo de origen "/GameCore/Item.cpp")
      E:\GW\Common\Include\Base\Inc\SvrBase.h(73,10):
      vea la definición anterior de “ASSERT”
  
E:\GW\GameServer\GameCore\Item.cpp(280,33): warning C4244: '+=': conversión de 'float' a 'LONG'; posible pérdida de datos
  (compilando archivo de origen "/GameCore/Item.cpp")
  
E:\GW\GameServer\GameCore\Item.cpp(283,35): warning C4244: '+=': conversión de 'float' a 'LONG'; posible pérdida de datos
  (compilando archivo de origen "/GameCore/Item.cpp")
  
E:\GW\GameServer\GameCore\Item.cpp(382,33): warning C4244: '-=': conversión de 'float' a 'LONG'; posible pérdida de datos
  (compilando archivo de origen "/GameCore/Item.cpp")
  
E:\GW\GameServer\GameCore\Item.cpp(385,35): warning C4244: '-=': conversión de 'float' a 'LONG'; posible pérdida de datos
  (compilando archivo de origen "/GameCore/Item.cpp")
  
  Compilando...
  ItemBackup.cpp
E:\GW\Common\Include\Base\xml\tinyxml.h(43,10): warning C4005: 'ASSERT': redefinición de macro
  (compilando archivo de origen "/GameCore/ItemBackup.cpp")
      E:\GW\Common\Include\Base\Inc\SvrBase.h(73,10):
      vea la definición anterior de “ASSERT”
  
E:\GW\GameServer\GameCore\ItemBackup.cpp(47,30): warning C4244: 'argumento': conversión de '__int64' a 'int'; posible pérdida de datos
  (compilando archivo de origen "/GameCore/ItemBackup.cpp")
  
E:\GW\GameServer\GameCore\ItemBackup.cpp(48,30): warning C4244: 'argumento': conversión de '__int64' a 'int'; posible pérdida de datos
  (compilando archivo de origen "/GameCore/ItemBackup.cpp")
  
E:\GW\GameServer\GameCore\ItemBackup.cpp(128,30): warning C4244: 'argumento': conversión de '__int64' a 'int'; posible pérdida de datos
  (compilando archivo de origen "/GameCore/ItemBackup.cpp")
  
E:\GW\GameServer\GameCore\ItemBackup.cpp(129,30): warning C4244: 'argumento': conversión de '__int64' a 'int'; posible pérdida de datos
  (compilando archivo de origen "/GameCore/ItemBackup.cpp")
  
E:\GW\GameServer\GameCore\ItemBackup.cpp(130,33): warning C4244: 'argumento': conversión de '__int64' a 'int'; posible pérdida de datos
  (compilando archivo de origen "/GameCore/ItemBackup.cpp")
  
  ItemManager.cpp
E:\GW\Common\Include\Base\xml\tinyxml.h(43,10): warning C4005: 'ASSERT': redefinición de macro
  (compilando archivo de origen "/GameCore/ItemManager.cpp")
      E:\GW\Common\Include\Base\Inc\SvrBase.h(73,10):
      vea la definición anterior de “ASSERT”
  
  KeyWords.cpp
E:\GW\Common\Include\Base\xml\tinyxml.h(43,10): warning C4005: 'ASSERT': redefinición de macro
  (compilando archivo de origen "/GameCore/KeyWords.cpp")
      E:\GW\Common\Include\Base\Inc\SvrBase.h(73,10):
      vea la definición anterior de “ASSERT”
  
E:\GW\GameServer\GameCore\RoleRelation.h(529,31): warning C4018: '>=': no coinciden signed/unsigned
  (compilando archivo de origen "/GameCore/KeyWords.cpp")
  
  Mall.cpp
E:\GW\Common\Include\Base\xml\tinyxml.h(43,10): warning C4005: 'ASSERT': redefinición de macro
  (compilando archivo de origen "/GameCore/Mall.cpp")
      E:\GW\Common\Include\Base\Inc\SvrBase.h(73,10):
      vea la definición anterior de “ASSERT”
  
E:\GW\GameServer\GameCore\RoleRelation.h(529,31): warning C4018: '>=': no coinciden signed/unsigned
  (compilando archivo de origen "/GameCore/Mall.cpp")
  
E:\GW\GameServer\GameCore\Mall.cpp(59,20): warning C4018: '<': no coinciden signed/unsigned
  (compilando archivo de origen "/GameCore/Mall.cpp")
  
E:\GW\GameServer\GameCore\Mall.cpp(64,61): warning C4267: '=': conversión de 'size_t' a 'char'; posible pérdida de datos
  (compilando archivo de origen "/GameCore/Mall.cpp")
  
E:\GW\GameServer\GameCore\Mall.cpp(92,85): warning C4267: '=': conversión de 'size_t' a 'char'; posible pérdida de datos
  (compilando archivo de origen "/GameCore/Mall.cpp")
  
E:\GW\GameServer\GameCore\Mall.cpp(114,20): warning C4018: '<': no coinciden signed/unsigned
  (compilando archivo de origen "/GameCore/Mall.cpp")
  
E:\GW\GameServer\GameCore\Mall.cpp(119,61): warning C4267: '=': conversión de 'size_t' a 'char'; posible pérdida de datos
  (compilando archivo de origen "/GameCore/Mall.cpp")
  
E:\GW\GameServer\GameCore\Mall.cpp(147,85): warning C4267: '=': conversión de 'size_t' a 'char'; posible pérdida de datos
  (compilando archivo de origen "/GameCore/Mall.cpp")
  
E:\GW\GameServer\GameCore\Mall.cpp(171,42): warning C4267: '=': conversión de 'size_t' a 'char'; posible pérdida de datos
  (compilando archivo de origen "/GameCore/Mall.cpp")
  
E:\GW\GameServer\GameCore\Mall.cpp(224,96): warning C4267: '=': conversión de 'size_t' a 'char'; posible pérdida de datos
  (compilando archivo de origen "/GameCore/Mall.cpp")
  
E:\GW\GameServer\GameCore\Mall.cpp(270,96): warning C4267: '=': conversión de 'size_t' a 'char'; posible pérdida de datos
  (compilando archivo de origen "/GameCore/Mall.cpp")
  
E:\GW\GameServer\GameCore\Mall.cpp(294,42): warning C4267: '=': conversión de 'size_t' a 'char'; posible pérdida de datos
  (compilando archivo de origen "/GameCore/Mall.cpp")
  
E:\GW\GameServer\GameCore\Mall.cpp(347,96): warning C4267: '=': conversión de 'size_t' a 'char'; posible pérdida de datos
  (compilando archivo de origen "/GameCore/Mall.cpp")
  
E:\GW\GameServer\GameCore\Mall.cpp(393,96): warning C4267: '=': conversión de 'size_t' a 'char'; posible pérdida de datos
  (compilando archivo de origen "/GameCore/Mall.cpp")
  
E:\GW\GameServer\GameCore\Mall.cpp(466,62): warning C4267: '=': conversión de 'size_t' a 'char'; posible pérdida de datos
  (compilando archivo de origen "/GameCore/Mall.cpp")
  
E:\GW\GameServer\GameCore\Mall.cpp(583,62): warning C4267: '=': conversión de 'size_t' a 'char'; posible pérdida de datos
  (compilando archivo de origen "/GameCore/Mall.cpp")
  
E:\GW\GameServer\GameCore\Mall.cpp(699,62): warning C4267: '=': conversión de 'size_t' a 'char'; posible pérdida de datos
  (compilando archivo de origen "/GameCore/Mall.cpp")
  
E:\GW\GameServer\GameCore\Mall.cpp(823,62): warning C4267: '=': conversión de 'size_t' a 'char'; posible pérdida de datos
  (compilando archivo de origen "/GameCore/Mall.cpp")
  
E:\GW\GameServer\GameCore\Mall.cpp(1630,28): warning C4018: '<': no coinciden signed/unsigned
  (compilando archivo de origen "/GameCore/Mall.cpp")
  
E:\GW\GameServer\GameCore\Mall.cpp(1713,28): warning C4018: '<': no coinciden signed/unsigned
  (compilando archivo de origen "/GameCore/Mall.cpp")
  
  Map.cpp
E:\GW\Common\Include\Base\xml\tinyxml.h(43,10): warning C4005: 'ASSERT': redefinición de macro
  (compilando archivo de origen "/GameCore/Map.cpp")
      E:\GW\Common\Include\Base\Inc\SvrBase.h(73,10):
      vea la definición anterior de “ASSERT”
  
E:\GW\GameServer\GameCore\RoleRelation.h(529,31): warning C4018: '>=': no coinciden signed/unsigned
  (compilando archivo de origen "/GameCore/Map.cpp")
  
  Mat.cpp
  Monster.cpp
E:\GW\Common\Include\Base\xml\tinyxml.h(43,10): warning C4005: 'ASSERT': redefinición de macro
  (compilando archivo de origen "/GameCore/Monster.cpp")
      E:\GW\Common\Include\Base\Inc\SvrBase.h(73,10):
      vea la definición anterior de “ASSERT”
  
E:\GW\GameServer\GameCore\RoleRelation.h(529,31): warning C4018: '>=': no coinciden signed/unsigned
  (compilando archivo de origen "/GameCore/Monster.cpp")
  
  NPC.cpp
E:\GW\Common\Include\Base\xml\tinyxml.h(43,10): warning C4005: 'ASSERT': redefinición de macro
  (compilando archivo de origen "/GameCore/NPC.cpp")
      E:\GW\Common\Include\Base\Inc\SvrBase.h(73,10):
      vea la definición anterior de “ASSERT”
  
E:\GW\GameServer\GameCore\RoleRelation.h(529,31): warning C4018: '>=': no coinciden signed/unsigned
  (compilando archivo de origen "/GameCore/NPC.cpp")
  
E:\GW\GameServer\GameCore\NPC.cpp(775,21): warning C4018: '<': no coinciden signed/unsigned
  (compilando archivo de origen "/GameCore/NPC.cpp")
  
  Obj.cpp
  ObjMgr.cpp
  Obstacle.cpp
  Player.cpp
E:\GW\Common\Include\Base\xml\tinyxml.h(43,10): warning C4005: 'ASSERT': redefinición de macro
  (compilando archivo de origen "/GameCore/Player.cpp")
      E:\GW\Common\Include\Base\Inc\SvrBase.h(73,10):
      vea la definición anterior de “ASSERT”
  
E:\GW\GameServer\GameCore\RoleRelation.h(529,31): warning C4018: '>=': no coinciden signed/unsigned
  (compilando archivo de origen "/GameCore/Player.cpp")
  
E:\GW\GameServer\GameCore\Player.cpp(156,16): warning C4553: "==": el resultado de la expresión no se usa. ¿Quiso decir "="?
  (compilando archivo de origen "/GameCore/Player.cpp")
  
E:\GW\GameServer\GameCore\Player.cpp(268,26): warning C4474: "sprintf": se pasaron demasiados argumentos para la cadena de formato
  (compilando archivo de origen "/GameCore/Player.cpp")
      E:\GW\GameServer\GameCore\Player.cpp(268,26):
      los marcadores de posición y sus parámetros esperan 0 argumentos variádicos, pero se proporcionaron 1
  
E:\GW\GameServer\GameCore\Player.cpp(983,29): warning C4477: 'sprintf' : la cadena de formato '%d' requiere un argumento de tipo 'int', pero el argumento variádico 1 tiene el tipo '__int64'
  (compilando archivo de origen "/GameCore/Player.cpp")
      E:\GW\GameServer\GameCore\Player.cpp(983,29):
      considere el uso de ' %lld' en la cadena de formato
      E:\GW\GameServer\GameCore\Player.cpp(983,29):
      considere el uso de ' %I64d' en la cadena de formato
  
E:\GW\GameServer\GameCore\Player.cpp(1013,32): warning C4477: 'sprintf' : la cadena de formato '%d' requiere un argumento de tipo 'int', pero el argumento variádico 1 tiene el tipo '__int64'
  (compilando archivo de origen "/GameCore/Player.cpp")
      E:\GW\GameServer\GameCore\Player.cpp(1013,32):
      considere el uso de ' %lld' en la cadena de formato
      E:\GW\GameServer\GameCore\Player.cpp(1013,32):
      considere el uso de ' %I64d' en la cadena de formato
  
E:\GW\GameServer\GameCore\Player.cpp(3185,36): warning C4267: '=': conversión de 'size_t' a 'USHORT'; posible pérdida de datos
  (compilando archivo de origen "/GameCore/Player.cpp")
  
E:\GW\GameServer\GameCore\Player.cpp(3207,36): warning C4267: '=': conversión de 'size_t' a 'USHORT'; posible pérdida de datos
  (compilando archivo de origen "/GameCore/Player.cpp")
  
E:\GW\GameServer\GameCore\Player.cpp(3229,36): warning C4267: '=': conversión de 'size_t' a 'USHORT'; posible pérdida de datos
  (compilando archivo de origen "/GameCore/Player.cpp")
  
E:\GW\GameServer\GameCore\Player.cpp(3251,36): warning C4267: '=': conversión de 'size_t' a 'USHORT'; posible pérdida de datos
  (compilando archivo de origen "/GameCore/Player.cpp")
  
E:\GW\GameServer\GameCore\Player.cpp(3266,36): warning C4267: '=': conversión de 'size_t' a 'USHORT'; posible pérdida de datos
  (compilando archivo de origen "/GameCore/Player.cpp")
  
E:\GW\GameServer\GameCore\Player.cpp(3281,36): warning C4267: '=': conversión de 'size_t' a 'USHORT'; posible pérdida de datos
  (compilando archivo de origen "/GameCore/Player.cpp")
  
E:\GW\GameServer\GameCore\Player.cpp(3296,36): warning C4267: '=': conversión de 'size_t' a 'USHORT'; posible pérdida de datos
  (compilando archivo de origen "/GameCore/Player.cpp")
  
E:\GW\GameServer\GameCore\Player.cpp(3335,37): warning C4267: '=': conversión de 'size_t' a 'USHORT'; posible pérdida de datos
  (compilando archivo de origen "/GameCore/Player.cpp")
  
E:\GW\GameServer\GameCore\Player.cpp(3344,36): warning C4267: '=': conversión de 'size_t' a 'USHORT'; posible pérdida de datos
  (compilando archivo de origen "/GameCore/Player.cpp")
  
E:\GW\GameServer\GameCore\Player.cpp(3350,36): warning C4267: '=': conversión de 'size_t' a 'USHORT'; posible pérdida de datos
  (compilando archivo de origen "/GameCore/Player.cpp")
  
E:\GW\GameServer\GameCore\Player.cpp(3362,36): warning C4267: '=': conversión de 'size_t' a 'USHORT'; posible pérdida de datos
  (compilando archivo de origen "/GameCore/Player.cpp")
  
  PlayerAttack.cpp
E:\GW\Common\Include\Base\xml\tinyxml.h(43,10): warning C4005: 'ASSERT': redefinición de macro
  (compilando archivo de origen "/GameCore/PlayerAttack.cpp")
      E:\GW\Common\Include\Base\Inc\SvrBase.h(73,10):
      vea la definición anterior de “ASSERT”
  
E:\GW\GameServer\GameCore\RoleRelation.h(529,31): warning C4018: '>=': no coinciden signed/unsigned
  (compilando archivo de origen "/GameCore/PlayerAttack.cpp")
  
E:\GW\GameServer\GameCore\PlayerAttack.cpp(460,54): warning C4018: '>=': no coinciden signed/unsigned
  (compilando archivo de origen "/GameCore/PlayerAttack.cpp")
  
E:\GW\GameServer\GameCore\PlayerAttack.cpp(466,59): warning C4018: '>=': no coinciden signed/unsigned
  (compilando archivo de origen "/GameCore/PlayerAttack.cpp")
  
  PlayerItem.cpp
E:\GW\Common\Include\Base\xml\tinyxml.h(43,10): warning C4005: 'ASSERT': redefinición de macro
  (compilando archivo de origen "/GameCore/PlayerItem.cpp")
      E:\GW\Common\Include\Base\Inc\SvrBase.h(73,10):
      vea la definición anterior de “ASSERT”
  
E:\GW\GameServer\GameCore\RoleRelation.h(529,31): warning C4018: '>=': no coinciden signed/unsigned
  (compilando archivo de origen "/GameCore/PlayerItem.cpp")
  
E:\GW\GameServer\GameCore\PlayerItem.cpp(686,27): warning C4305: 'return': truncamiento de 'int' a 'bool'
  (compilando archivo de origen "/GameCore/PlayerItem.cpp")
  
E:\GW\GameServer\GameCore\PlayerItem.cpp(687,34): warning C4305: 'return': truncamiento de 'int' a 'bool'
  (compilando archivo de origen "/GameCore/PlayerItem.cpp")
  
E:\GW\GameServer\GameCore\PlayerItem.cpp(695,28): warning C4305: 'return': truncamiento de 'int' a 'bool'
  (compilando archivo de origen "/GameCore/PlayerItem.cpp")
  
E:\GW\GameServer\GameCore\PlayerItem.cpp(696,35): warning C4305: 'return': truncamiento de 'int' a 'bool'
  (compilando archivo de origen "/GameCore/PlayerItem.cpp")
  
  PlayerQuest.cpp
E:\GW\Common\Include\Base\xml\tinyxml.h(43,10): warning C4005: 'ASSERT': redefinición de macro
  (compilando archivo de origen "/GameCore/PlayerQuest.cpp")
      E:\GW\Common\Include\Base\Inc\SvrBase.h(73,10):
      vea la definición anterior de “ASSERT”
  
E:\GW\GameServer\GameCore\RoleRelation.h(529,31): warning C4018: '>=': no coinciden signed/unsigned
  (compilando archivo de origen "/GameCore/PlayerQuest.cpp")
  
  PlayerSkill.cpp
E:\GW\Common\Include\Base\xml\tinyxml.h(43,10): warning C4005: 'ASSERT': redefinición de macro
  (compilando archivo de origen "/GameCore/PlayerSkill.cpp")
      E:\GW\Common\Include\Base\Inc\SvrBase.h(73,10):
      vea la definición anterior de “ASSERT”
  
E:\GW\GameServer\GameCore\RoleRelation.h(529,31): warning C4018: '>=': no coinciden signed/unsigned
  (compilando archivo de origen "/GameCore/PlayerSkill.cpp")
  
  PlayerTeam.cpp
E:\GW\Common\Include\Base\xml\tinyxml.h(43,10): warning C4005: 'ASSERT': redefinición de macro
  (compilando archivo de origen "/GameCore/PlayerTeam.cpp")
      E:\GW\Common\Include\Base\Inc\SvrBase.h(73,10):
      vea la definición anterior de “ASSERT”
  
E:\GW\GameServer\GameCore\RoleRelation.h(529,31): warning C4018: '>=': no coinciden signed/unsigned
  (compilando archivo de origen "/GameCore/PlayerTeam.cpp")
  
  QuestDef.cpp
E:\GW\GameServer\GameCore\QuestDef.h(387,16): warning C4244: 'inicializando': conversión de 'float' a 'int'; posible pérdida de datos
  (compilando archivo de origen "/GameCore/QuestDef.cpp")
  
  QuestManager.cpp
E:\GW\GameServer\GameCore\QuestDef.h(387,16): warning C4244: 'inicializando': conversión de 'float' a 'int'; posible pérdida de datos
  (compilando archivo de origen "/GameCore/QuestManager.cpp")
  
E:\GW\Common\Include\Base\xml\tinyxml.h(43,10): warning C4005: 'ASSERT': redefinición de macro
  (compilando archivo de origen "/GameCore/QuestManager.cpp")
      E:\GW\Common\Include\Base\Inc\SvrBase.h(73,10):
      vea la definición anterior de “ASSERT”
  
E:\GW\GameServer\GameCore\RoleRelation.h(529,31): warning C4018: '>=': no coinciden signed/unsigned
  (compilando archivo de origen "/GameCore/QuestManager.cpp")
  
  Region.cpp
E:\GW\Common\Include\Base\xml\tinyxml.h(43,10): warning C4005: 'ASSERT': redefinición de macro
  (compilando archivo de origen "/GameCore/Region.cpp")
      E:\GW\Common\Include\Base\Inc\SvrBase.h(73,10):
      vea la definición anterior de “ASSERT”
  
E:\GW\GameServer\GameCore\RoleRelation.h(529,31): warning C4018: '>=': no coinciden signed/unsigned
  (compilando archivo de origen "/GameCore/Region.cpp")
  
E:\GW\GameServer\GameCore\Region.cpp(2307,91): warning C4474: "sprintf": se pasaron demasiados argumentos para la cadena de formato
  (compilando archivo de origen "/GameCore/Region.cpp")
      E:\GW\GameServer\GameCore\Region.cpp(2307,91):
      los marcadores de posición y sus parámetros esperan 0 argumentos variádicos, pero se proporcionaron 1
  
E:\GW\GameServer\GameCore\Region.cpp(2334,91): warning C4474: "sprintf": se pasaron demasiados argumentos para la cadena de formato
  (compilando archivo de origen "/GameCore/Region.cpp")
      E:\GW\GameServer\GameCore\Region.cpp(2334,91):
      los marcadores de posición y sus parámetros esperan 0 argumentos variádicos, pero se proporcionaron 1
  
  Compilando...
  RegionIni.cpp
E:\GW\Common\Include\Base\xml\tinyxml.h(43,10): warning C4005: 'ASSERT': redefinición de macro
  (compilando archivo de origen "/GameCore/RegionIni.cpp")
      E:\GW\Common\Include\Base\Inc\SvrBase.h(73,10):
      vea la definición anterior de “ASSERT”
  
E:\GW\GameServer\GameCore\RoleRelation.h(529,31): warning C4018: '>=': no coinciden signed/unsigned
  (compilando archivo de origen "/GameCore/RegionIni.cpp")
  
  RegionSize.cpp
E:\GW\Common\Include\Base\xml\tinyxml.h(43,10): warning C4005: 'ASSERT': redefinición de macro
  (compilando archivo de origen "/GameCore/RegionSize.cpp")
      E:\GW\Common\Include\Base\Inc\SvrBase.h(73,10):
      vea la definición anterior de “ASSERT”
  
E:\GW\GameServer\GameCore\RoleRelation.h(529,31): warning C4018: '>=': no coinciden signed/unsigned
  (compilando archivo de origen "/GameCore/RegionSize.cpp")
  
  RepRegion.cpp
  RoleRelation.cpp
E:\GW\Common\Include\Base\xml\tinyxml.h(43,10): warning C4005: 'ASSERT': redefinición de macro
  (compilando archivo de origen "/GameCore/RoleRelation.cpp")
      E:\GW\Common\Include\Base\Inc\SvrBase.h(73,10):
      vea la definición anterior de “ASSERT”
  
E:\GW\GameServer\GameCore\RoleRelation.h(529,31): warning C4018: '>=': no coinciden signed/unsigned
  (compilando archivo de origen "/GameCore/RoleRelation.cpp")
  
E:\GW\GameServer\GameCore\RoleRelation.cpp(494,37): warning C4267: '=': conversión de 'size_t' a 'USHORT'; posible pérdida de datos
  (compilando archivo de origen "/GameCore/RoleRelation.cpp")
  
  SkillManager.cpp
E:\GW\Common\Include\Base\xml\tinyxml.h(43,10): warning C4005: 'ASSERT': redefinición de macro
  (compilando archivo de origen "/GameCore/SkillManager.cpp")
      E:\GW\Common\Include\Base\Inc\SvrBase.h(73,10):
      vea la definición anterior de “ASSERT”
  
E:\GW\GameServer\GameCore\RoleRelation.h(529,31): warning C4018: '>=': no coinciden signed/unsigned
  (compilando archivo de origen "/GameCore/SkillManager.cpp")
  
  Stall.cpp
E:\GW\Common\Include\Base\xml\tinyxml.h(43,10): warning C4005: 'ASSERT': redefinición de macro
  (compilando archivo de origen "/GameCore/Stall.cpp")
      E:\GW\Common\Include\Base\Inc\SvrBase.h(73,10):
      vea la definición anterior de “ASSERT”
  
E:\GW\GameServer\GameCore\RoleRelation.h(529,31): warning C4018: '>=': no coinciden signed/unsigned
  (compilando archivo de origen "/GameCore/Stall.cpp")
  
  Storage.cpp
E:\GW\Common\Include\Base\xml\tinyxml.h(43,10): warning C4005: 'ASSERT': redefinición de macro
  (compilando archivo de origen "/GameCore/Storage.cpp")
      E:\GW\Common\Include\Base\Inc\SvrBase.h(73,10):
      vea la definición anterior de “ASSERT”
  
E:\GW\GameServer\GameCore\RoleRelation.h(529,31): warning C4018: '>=': no coinciden signed/unsigned
  (compilando archivo de origen "/GameCore/Storage.cpp")
  
  Trade.cpp
E:\GW\Common\Include\Base\xml\tinyxml.h(43,10): warning C4005: 'ASSERT': redefinición de macro
  (compilando archivo de origen "/GameCore/Trade.cpp")
      E:\GW\Common\Include\Base\Inc\SvrBase.h(73,10):
      vea la definición anterior de “ASSERT”
  
E:\GW\GameServer\GameCore\RoleRelation.h(529,31): warning C4018: '>=': no coinciden signed/unsigned
  (compilando archivo de origen "/GameCore/Trade.cpp")
  
  Walk.cpp
E:\GW\Common\Include\Base\xml\tinyxml.h(43,10): warning C4005: 'ASSERT': redefinición de macro
  (compilando archivo de origen "/GameCore/Walk.cpp")
      E:\GW\Common\Include\Base\Inc\SvrBase.h(73,10):
      vea la definición anterior de “ASSERT”
  
E:\GW\GameServer\GameCore\RoleRelation.h(529,31): warning C4018: '>=': no coinciden signed/unsigned
  (compilando archivo de origen "/GameCore/Walk.cpp")
  
  GameLogic.cpp
E:\GW\Common\Include\Base\xml\tinyxml.h(43,10): warning C4005: 'ASSERT': redefinición de macro
  (compilando archivo de origen "/GameLogic.cpp")
      E:\GW\Common\Include\Base\Inc\SvrBase.h(73,10):
      vea la definición anterior de “ASSERT”
  
E:\GW\GameServer\GameCore\RoleRelation.h(529,31): warning C4018: '>=': no coinciden signed/unsigned
  (compilando archivo de origen "/GameLogic.cpp")
  
  GameScript.cpp
E:\GW\Common\Include\Base\xml\tinyxml.h(43,10): warning C4005: 'ASSERT': redefinición de macro
  (compilando archivo de origen "/GameScript.cpp")
      E:\GW\Common\Include\Base\Inc\SvrBase.h(73,10):
      vea la definición anterior de “ASSERT”
  
E:\GW\GameServer\GameCore\RoleRelation.h(529,31): warning C4018: '>=': no coinciden signed/unsigned
  (compilando archivo de origen "/GameScript.cpp")
  
E:\GW\GameServer\GameScript.cpp(1337,52): warning C4018: '<': no coinciden signed/unsigned
  (compilando archivo de origen "/GameScript.cpp")
  
E:\GW\GameServer\GameScript.cpp(1348,40): warning C4018: '<': no coinciden signed/unsigned
  (compilando archivo de origen "/GameScript.cpp")
  
E:\GW\GameServer\GameScript.cpp(1412,42): warning C4018: '<': no coinciden signed/unsigned
  (compilando archivo de origen "/GameScript.cpp")
  
E:\GW\GameServer\GameScript.cpp(1423,46): warning C4018: '<': no coinciden signed/unsigned
  (compilando archivo de origen "/GameScript.cpp")
  
E:\GW\GameServer\GameScript.cpp(1431,44): warning C4018: '<': no coinciden signed/unsigned
  (compilando archivo de origen "/GameScript.cpp")
  
  GameServer.cpp
  ListenConnect.cpp
E:\GW\Common\Include\Base\xml\tinyxml.h(43,10): warning C4005: 'ASSERT': redefinición de macro
  (compilando archivo de origen "/ListenConnect.cpp")
      E:\GW\Common\Include\Base\Inc\SvrBase.h(73,10):
      vea la definición anterior de “ASSERT”
  
E:\GW\GameServer\GameCore\RoleRelation.h(529,31): warning C4018: '>=': no coinciden signed/unsigned
  (compilando archivo de origen "/ListenConnect.cpp")
  
  ServiceLoader.cpp
E:\GW\Common\Include\Base\xml\tinyxml.h(43,10): warning C4005: 'ASSERT': redefinición de macro
  (compilando archivo de origen "/ServiceLoader.cpp")
      E:\GW\Common\Include\Base\Inc\SvrBase.h(73,10):
      vea la definición anterior de “ASSERT”
  
E:\GW\GameServer\GameCore\RoleRelation.h(529,31): warning C4018: '>=': no coinciden signed/unsigned
  (compilando archivo de origen "/ServiceLoader.cpp")
  
E:\GW\GameServer\ServiceLoader.cpp(381,15): warning C4477: 'sprintf' : la cadena de formato '%s' requiere un argumento de tipo 'char *', pero el argumento variádico 1 tiene el tipo 'int'
  (compilando archivo de origen "/ServiceLoader.cpp")
  
E:\GW\GameServer\ServiceLoader.cpp(2232,21): warning C4018: '>': no coinciden signed/unsigned
  (compilando archivo de origen "/ServiceLoader.cpp")
  
  World.cpp
E:\GW\Common\Include\Base\xml\tinyxml.h(43,10): warning C4005: 'ASSERT': redefinición de macro
  (compilando archivo de origen "/World.cpp")
      E:\GW\Common\Include\Base\Inc\SvrBase.h(73,10):
      vea la definición anterior de “ASSERT”
  
E:\GW\GameServer\GameCore\RoleRelation.h(529,31): warning C4018: '>=': no coinciden signed/unsigned
  (compilando archivo de origen "/World.cpp")
  
e:\Program Files\Microsoft Visual Studio\2022\Community\MSBuild\Microsoft\VC\v170\Microsoft.CppBuild.targets(1395,5): warning MSB8012: TargetPath(E:\GW\Release\GameServer.exe) no coincide con el valor de la propiedad OutputFile de Linker (E:\GW\Run\GameServer\GameServer.exe). Esto puede hacer que el proyecto no se compile correctamente. Para solucionar este problema, asegúrese de que los valores de propiedad $(OutDir), $(TargetName) y $(TargetExt) coinciden con el valor especificado en %(Link.OutputFile).
  Generando código
  0 of 9813 functions ( 0.0%) were compiled, the rest were copied from previous compilation.
    0 functions were new in current compilation
    0 functions had inline decision re-evaluated but remain unchanged
  Generación de código finalizada
  GameServer.vcxproj -> E:\GW\Release\GameServer.exe
