e:\gw\dbserver\release\dbserver.pch
e:\gw\dbserver\release\vc143.pdb
e:\gw\dbserver\release\stdafx.obj
e:\gw\dbserver\release\service.obj
e:\gw\dbserver\release\master.obj
e:\gw\dbserver\release\main.obj
e:\gw\run\dbserver\dbserver.exe
e:\gw\release\dbserver.pdb
e:\gw\dbserver\release\dbserver.ipdb
e:\gw\dbserver\release\dbserver.iobj
e:\gw\dbserver\release\dbserver.exe.intermediate.manifest
e:\gw\dbserver\release\vc80.idb
e:\gw\dbserver\release\vc80.pdb
e:\gw\dbserver\release\dbserver.tlog\cl.command.1.tlog
e:\gw\dbserver\release\dbserver.tlog\cl.items.tlog
e:\gw\dbserver\release\dbserver.tlog\cl.read.1.tlog
e:\gw\dbserver\release\dbserver.tlog\cl.write.1.tlog
e:\gw\dbserver\release\dbserver.tlog\link.command.1.tlog
e:\gw\dbserver\release\dbserver.tlog\link.read.1.tlog
e:\gw\dbserver\release\dbserver.tlog\link.secondary.1.tlog
e:\gw\dbserver\release\dbserver.tlog\link.write.1.tlog
