  stdafx.cpp
  CirBuffer.cpp
  FileTransfer.cpp
  IOCP.cpp
E:\GW\Common\Include\cNet\IOCP.cpp(45,51): warning C4245: 'argumento': conversión de 'int' en 'DWORD'; no coinciden signed/unsigned
  (compilando archivo de origen "/IOCP.cpp")
  
  PerIOData.cpp
  Socket.cpp
E:\GW\Common\Include\cNet\Socket.cpp(191,32): warning C4458: la declaración de 'prev' oculta el miembro de clase
  (compilando archivo de origen "/Socket.cpp")
      E:\GW\Common\Include\cNet\Socket.h(47,20):
      vea la declaración de 'cnet::CSocket::prev'
  
E:\GW\Common\Include\cNet\Socket.cpp(254,39): warning C4100: 'nMaxLen': parámetro formal sin referencia
  (compilando archivo de origen "/Socket.cpp")
  
E:\GW\Common\Include\cNet\Socket.cpp(358,28): warning C4458: la declaración de 'prev' oculta el miembro de clase
  (compilando archivo de origen "/Socket.cpp")
      E:\GW\Common\Include\cNet\Socket.h(47,20):
      vea la declaración de 'cnet::CSocket::prev'
  
e:\Program Files\Microsoft Visual Studio\2022\Community\MSBuild\Microsoft\VC\v170\Microsoft.CppBuild.targets(1557,5): warning MSB8012: TargetPath(E:\GW\Release\cNet.lib) no coincide con el valor de la propiedad OutputFile de Library (E:\GW\Common\lib\Release\CNet.lib). Esto puede hacer que el proyecto no se compile correctamente. Para solucionar este problema, asegúrese de que los valores de propiedad $(OutDir), $(TargetName) y $(TargetExt) coinciden con el valor especificado en %(Lib.OutputFile).
  sNet.vcxproj -> E:\GW\Release\cNet.lib
