e:\gw\release\base.pdb
e:\gw\common\include\base\release\threadpool.obj
e:\gw\common\include\base\release\thread.obj
e:\gw\common\include\base\release\systimer.obj
e:\gw\common\include\base\release\svrbase.obj
e:\gw\common\include\base\release\string.obj
e:\gw\common\include\base\release\singleton.obj
e:\gw\common\include\base\release\queue.obj
e:\gw\common\include\base\release\msg.obj
e:\gw\common\include\base\release\mempool.obj
e:\gw\common\include\base\release\map.obj
e:\gw\common\include\base\release\logsystem.obj
e:\gw\common\include\base\release\logger.obj
e:\gw\common\include\base\release\list.obj
e:\gw\common\include\base\release\ipcchannel.obj
e:\gw\common\include\base\release\inifile.obj
e:\gw\common\include\base\release\ini.obj
e:\gw\common\include\base\release\imessage.obj
e:\gw\common\include\base\release\heap.obj
e:\gw\common\include\base\release\analyst.obj
e:\gw\common\include\base\release\mutex.obj
e:\gw\common\include\base\release\xmlbase.obj
e:\gw\common\include\base\release\tinyxmlparser.obj
e:\gw\common\include\base\release\tinyxmlerror.obj
e:\gw\common\include\base\release\tinyxml.obj
e:\gw\common\include\base\release\tinystr.obj
e:\gw\common\include\base\release\vector.obj
e:\gw\common\include\base\release\timer.obj
e:\gw\common\lib\release\base.lib
e:\gw\common\include\base\release\base.tlog\cl.command.1.tlog
e:\gw\common\include\base\release\base.tlog\cl.items.tlog
e:\gw\common\include\base\release\base.tlog\cl.read.1.tlog
e:\gw\common\include\base\release\base.tlog\cl.write.1.tlog
e:\gw\common\include\base\release\base.tlog\lib-link.write.1.tlog
e:\gw\common\include\base\release\base.tlog\lib.command.1.tlog
e:\gw\common\include\base\release\base.tlog\lib.read.1.tlog
